[debug] [2022-01-09T01:46:32.654Z] ----------------------------------------------------------------------
[debug] [2022-01-09T01:46:32.656Z] Command:       /usr/local/bin/firebase /home/codewolf17/.cache/firebase/tools/lib/node_modules/firebase-tools/lib/bin/firebase deploy
[debug] [2022-01-09T01:46:32.657Z] CLI Version:   10.0.1
[debug] [2022-01-09T01:46:32.657Z] Platform:      linux
[debug] [2022-01-09T01:46:32.657Z] Node Version:  v12.18.1
[debug] [2022-01-09T01:46:32.657Z] Time:          Sun Jan 09 2022 04:46:32 GMT+0300 (East Africa Time)
[debug] [2022-01-09T01:46:32.658Z] ----------------------------------------------------------------------
[debug] 
[debug] [2022-01-09T01:46:32.713Z] > command requires scopes: ["email","openid","https://www.googleapis.com/auth/cloudplatformprojects.readonly","https://www.googleapis.com/auth/firebase","https://www.googleapis.com/auth/cloud-platform"]
[debug] [2022-01-09T01:46:32.713Z] > authorizing via signed-in user (pleaserx2@gmail.com)
[debug] [2022-01-09T01:46:32.714Z] [iam] checking project kilotonics for permissions ["firebase.projects.get","firebasehosting.sites.update"]
[debug] [2022-01-09T01:46:32.716Z] > refreshing access token with scopes: ["email","https://www.googleapis.com/auth/cloud-platform","https://www.googleapis.com/auth/cloudplatformprojects.readonly","https://www.googleapis.com/auth/firebase","openid"]
[debug] [2022-01-09T01:46:32.716Z] >>> HTTP REQUEST POST https://www.googleapis.com/oauth2/v3/token  
 <request body omitted>
[debug] [2022-01-09T01:46:33.326Z] <<< HTTP RESPONSE 200 {"date":"Sun, 09 Jan 2022 01:46:32 GMT","expires":"Mon, 01 Jan 1990 00:00:00 GMT","cache-control":"no-cache, no-store, max-age=0, must-revalidate","pragma":"no-cache","content-type":"application/json; charset=utf-8","vary":"X-Origin, Referer, Origin,Accept-Encoding","server":"scaffolding on HTTPServer2","x-xss-protection":"0","x-frame-options":"SAMEORIGIN","x-content-type-options":"nosniff","alt-svc":"h3=\":443\"; ma=2592000,h3-29=\":443\"; ma=2592000,h3-Q050=\":443\"; ma=2592000,h3-Q046=\":443\"; ma=2592000,h3-Q043=\":443\"; ma=2592000,quic=\":443\"; ma=2592000; v=\"46,43\"","accept-ranges":"none","transfer-encoding":"chunked"}
[debug] [2022-01-09T01:46:33.431Z] >>> HTTP REQUEST POST https://cloudresourcemanager.googleapis.com/v1/projects/kilotonics:testIamPermissions  
 {"permissions":["firebase.projects.get","firebasehosting.sites.update"]}
[debug] [2022-01-09T01:46:39.634Z] <<< HTTP RESPONSE 200 {"content-type":"application/json; charset=UTF-8","vary":"X-Origin, Referer, Origin,Accept-Encoding","date":"Sun, 09 Jan 2022 01:46:38 GMT","server":"ESF","cache-control":"private","x-xss-protection":"0","x-frame-options":"SAMEORIGIN","x-content-type-options":"nosniff","server-timing":"gfet4t7; dur=623","alt-svc":"h3=\":443\"; ma=2592000,h3-29=\":443\"; ma=2592000,h3-Q050=\":443\"; ma=2592000,h3-Q046=\":443\"; ma=2592000,h3-Q043=\":443\"; ma=2592000,quic=\":443\"; ma=2592000; v=\"46,43\"","accept-ranges":"none","transfer-encoding":"chunked"}
[debug] [2022-01-09T01:46:39.637Z] > refreshing access token with scopes: []
[debug] [2022-01-09T01:46:39.637Z] >>> HTTP REQUEST POST https://www.googleapis.com/oauth2/v3/token  
 <request body omitted>
[debug] [2022-01-09T01:46:40.158Z] <<< HTTP RESPONSE 200 {"date":"Sun, 09 Jan 2022 01:46:39 GMT","cache-control":"no-cache, no-store, max-age=0, must-revalidate","pragma":"no-cache","expires":"Mon, 01 Jan 1990 00:00:00 GMT","content-type":"application/json; charset=utf-8","vary":"X-Origin, Referer, Origin,Accept-Encoding","server":"scaffolding on HTTPServer2","x-xss-protection":"0","x-frame-options":"SAMEORIGIN","x-content-type-options":"nosniff","alt-svc":"h3=\":443\"; ma=2592000,h3-29=\":443\"; ma=2592000,h3-Q050=\":443\"; ma=2592000,h3-Q046=\":443\"; ma=2592000,h3-Q043=\":443\"; ma=2592000,quic=\":443\"; ma=2592000; v=\"46,43\"","accept-ranges":"none","transfer-encoding":"chunked"}
[debug] [2022-01-09T01:46:40.255Z] >>> [apiv2][query] GET https://firebase.googleapis.com/v1beta1/projects/kilotonics [none]
[debug] [2022-01-09T01:46:41.127Z] <<< [apiv2][status] GET https://firebase.googleapis.com/v1beta1/projects/kilotonics 200
[debug] [2022-01-09T01:46:41.127Z] <<< [apiv2][body] GET https://firebase.googleapis.com/v1beta1/projects/kilotonics {"projectId":"kilotonics","projectNumber":"628007073973","displayName":"kilotonics","name":"projects/kilotonics","resources":{"hostingSite":"kilotonics"},"state":"ACTIVE"}
[info] 
[info] === Deploying to 'kilotonics'...
[info] 
[info] i  deploying hosting 
[debug] [2022-01-09T01:46:41.136Z] > refreshing access token with scopes: ["email","https://www.googleapis.com/auth/cloud-platform","https://www.googleapis.com/auth/cloudplatformprojects.readonly","https://www.googleapis.com/auth/firebase","openid"]
[debug] [2022-01-09T01:46:41.136Z] >>> HTTP REQUEST POST https://www.googleapis.com/oauth2/v3/token  
 <request body omitted>
[debug] [2022-01-09T01:46:41.839Z] <<< HTTP RESPONSE 200 {"pragma":"no-cache","expires":"Mon, 01 Jan 1990 00:00:00 GMT","date":"Sun, 09 Jan 2022 01:46:40 GMT","cache-control":"no-cache, no-store, max-age=0, must-revalidate","content-type":"application/json; charset=utf-8","vary":"X-Origin, Referer, Origin,Accept-Encoding","server":"scaffolding on HTTPServer2","x-xss-protection":"0","x-frame-options":"SAMEORIGIN","x-content-type-options":"nosniff","alt-svc":"h3=\":443\"; ma=2592000,h3-29=\":443\"; ma=2592000,h3-Q050=\":443\"; ma=2592000,h3-Q046=\":443\"; ma=2592000,h3-Q043=\":443\"; ma=2592000,quic=\":443\"; ma=2592000; v=\"46,43\"","accept-ranges":"none","transfer-encoding":"chunked"}
[debug] [2022-01-09T01:46:41.926Z] >>> HTTP REQUEST POST https://firebasehosting.googleapis.com/v1beta1/sites/kilotonics/versions  
 {"config":{},"labels":{"deployment-tool":"cli-firebase"}}
[debug] [2022-01-09T01:46:43.792Z] <<< HTTP RESPONSE 200 {"content-type":"application/json; charset=UTF-8","vary":"X-Origin, Referer, Origin,Accept-Encoding","date":"Sun, 09 Jan 2022 01:46:42 GMT","server":"ESF","cache-control":"private","x-xss-protection":"0","x-frame-options":"SAMEORIGIN","x-content-type-options":"nosniff","alt-svc":"h3=\":443\"; ma=2592000,h3-29=\":443\"; ma=2592000,h3-Q050=\":443\"; ma=2592000,h3-Q046=\":443\"; ma=2592000,h3-Q043=\":443\"; ma=2592000,quic=\":443\"; ma=2592000; v=\"46,43\"","accept-ranges":"none","transfer-encoding":"chunked"}
[info] i  hosting[kilotonics]: beginning deploy... 
[info] i  hosting[kilotonics]: found 22 files in kilotonics 
[debug] [2022-01-09T01:46:43.811Z] > refreshing access token with scopes: []
[debug] [2022-01-09T01:46:43.811Z] >>> HTTP REQUEST POST https://www.googleapis.com/oauth2/v3/token  
 <request body omitted>
[debug] [2022-01-09T01:46:43.812Z] [hosting] hash cache [a2lsb3Rvbmljcw] stored for 22 files
[debug] [2022-01-09T01:46:43.813Z] [hosting][hash queue][FINAL] {"max":1,"min":0,"avg":0,"active":0,"complete":22,"success":22,"errored":0,"retried":0,"total":22,"elapsed":4}
[debug] [2022-01-09T01:46:44.326Z] <<< HTTP RESPONSE 200 {"cache-control":"no-cache, no-store, max-age=0, must-revalidate","pragma":"no-cache","date":"Sun, 09 Jan 2022 01:46:43 GMT","expires":"Mon, 01 Jan 1990 00:00:00 GMT","content-type":"application/json; charset=utf-8","vary":"X-Origin, Referer, Origin,Accept-Encoding","server":"scaffolding on HTTPServer2","x-xss-protection":"0","x-frame-options":"SAMEORIGIN","x-content-type-options":"nosniff","alt-svc":"h3=\":443\"; ma=2592000,h3-29=\":443\"; ma=2592000,h3-Q050=\":443\"; ma=2592000,h3-Q046=\":443\"; ma=2592000,h3-Q043=\":443\"; ma=2592000,quic=\":443\"; ma=2592000; v=\"46,43\"","accept-ranges":"none","transfer-encoding":"chunked"}
[debug] [2022-01-09T01:46:44.418Z] >>> [apiv2][query] POST https://firebasehosting.googleapis.com/v1beta1/sites/kilotonics/versions/438d5b5b0a6a3808:populateFiles [none]
[debug] [2022-01-09T01:46:44.419Z] >>> [apiv2][body] POST https://firebasehosting.googleapis.com/v1beta1/sites/kilotonics/versions/438d5b5b0a6a3808:populateFiles {"files":{"/404.html":"b7bab6b83fa074653ff28c8d2a64135d3434575f70a12ab3d3ba8080461b9537","/LICENSE":"5b3a7d1681606addaf6cbf326584d13a8f79b0129c8b52c732932d7933a75d83","/README.md":"d24870d2d582588cf610ebdc1acc736056a7eaa541df745a7524b472d60e053c","/contact.html":"2111057e6e72b538d058a529f52df84084485cb4bf745704fba063a612013376","/extra.html":"7b26e5ec409585f5c77c290336dc4c80479ae4f88773f316cb13b8d38d99e192","/gaming.html":"f09bac00ddb5ad4f84cfa13520e53fa32801e79965f0ac57c1318017a1d954d2","/index.html":"267a532e2f34bbc3bf559469cdaf51a7b9efc2714d29791fa5015bc8664cd0a9","/laptops.html":"61d6f7904b75d3502c85c74ae3c2d42dd70352b852ebae4a2ea787384c05161c","/location.html":"0141469042465fcb501219ea09456812a2debb781b47c8074b1a83d05bce73f2","/phones.html":"398e31396074574e1977e648f6617f1f69e4f9a1001055108f5834030375d6b2","/pods.html":"ed5a40d3f124c753c5b0875c1bdcef205fcc2f61230c4a532e9fc94b605b80cd","/promo.html":"b597fa37501aeae012cf4762dab83864c784b9198bd1801d162a4fa8c6c60a83","/sound.html":"6b5c2191241f5cf655f1acbb2b2c7bb1ee1e6b7b23cea6ef8887c512a901c924","/css/style.css":"9c54b7b6f52624318cb53810e519ee8ea21fc62a1ffa83d1c6e89219c9179862","/media/extras.gif":"becf8724d9a523278dd8ba2e6890c6a26dcd82b5db2848176126d4032706ed11","/media/gaming.gif":"9906a36f524fa319ed691231602246966fea0407d2b71460b4acfd506d4dd3b9","/media/laptops.gif":"a2bbdd94451538cbb51959e83dc2430b899436dc930ce76d3740e91ad1a9bbea","/media/location.gif":"2a2dc8e50b528d5795e7ff2b2d9198a52660ec4c3c8d14a2dc5ab0dd7d6424bb","/media/logo.png":"b47348f58a3030e6ca89b38eb206f989f7bbd808aff48722716b867fd192f1e9","/media/phone.gif":"3185be3a15f1410f8ef4dd9b288d8f45b113d9388ad205b7ccdd78894d7cb336","/media/pods.gif":"b91ed7780fcba819689e71be46219b96e44f1ccafe4cefdf7b439805c8b914e2","/media/sound.gif":"8d922bb6334be4b4f413540ab0ceabd91ec835c9db969f1ec3bd180f468e6ee3"}}
[debug] [2022-01-09T01:46:45.845Z] <<< [apiv2][status] POST https://firebasehosting.googleapis.com/v1beta1/sites/kilotonics/versions/438d5b5b0a6a3808:populateFiles 200
[debug] [2022-01-09T01:46:45.845Z] <<< [apiv2][body] POST https://firebasehosting.googleapis.com/v1beta1/sites/kilotonics/versions/438d5b5b0a6a3808:populateFiles {"uploadRequiredHashes":["9906a36f524fa319ed691231602246966fea0407d2b71460b4acfd506d4dd3b9","3185be3a15f1410f8ef4dd9b288d8f45b113d9388ad205b7ccdd78894d7cb336","becf8724d9a523278dd8ba2e6890c6a26dcd82b5db2848176126d4032706ed11","b91ed7780fcba819689e71be46219b96e44f1ccafe4cefdf7b439805c8b914e2","8d922bb6334be4b4f413540ab0ceabd91ec835c9db969f1ec3bd180f468e6ee3"],"uploadUrl":"https://upload-firebasehosting.googleapis.com/upload/sites/kilotonics/versions/438d5b5b0a6a3808/files"}
[debug] [2022-01-09T01:46:45.850Z] >>> [apiv2][query] POST https://upload-firebasehosting.googleapis.com/upload/sites/kilotonics/versions/438d5b5b0a6a3808/files/9906a36f524fa319ed691231602246966fea0407d2b71460b4acfd506d4dd3b9 [none]
[debug] [2022-01-09T01:46:45.850Z] >>> [apiv2][body] POST https://upload-firebasehosting.googleapis.com/upload/sites/kilotonics/versions/438d5b5b0a6a3808/files/9906a36f524fa319ed691231602246966fea0407d2b71460b4acfd506d4dd3b9 [stream]
[debug] [2022-01-09T01:46:45.852Z] >>> [apiv2][query] POST https://upload-firebasehosting.googleapis.com/upload/sites/kilotonics/versions/438d5b5b0a6a3808/files/3185be3a15f1410f8ef4dd9b288d8f45b113d9388ad205b7ccdd78894d7cb336 [none]
[debug] [2022-01-09T01:46:45.852Z] >>> [apiv2][body] POST https://upload-firebasehosting.googleapis.com/upload/sites/kilotonics/versions/438d5b5b0a6a3808/files/3185be3a15f1410f8ef4dd9b288d8f45b113d9388ad205b7ccdd78894d7cb336 [stream]
[debug] [2022-01-09T01:46:45.855Z] >>> [apiv2][query] POST https://upload-firebasehosting.googleapis.com/upload/sites/kilotonics/versions/438d5b5b0a6a3808/files/becf8724d9a523278dd8ba2e6890c6a26dcd82b5db2848176126d4032706ed11 [none]
[debug] [2022-01-09T01:46:45.855Z] >>> [apiv2][body] POST https://upload-firebasehosting.googleapis.com/upload/sites/kilotonics/versions/438d5b5b0a6a3808/files/becf8724d9a523278dd8ba2e6890c6a26dcd82b5db2848176126d4032706ed11 [stream]
[debug] [2022-01-09T01:46:45.857Z] >>> [apiv2][query] POST https://upload-firebasehosting.googleapis.com/upload/sites/kilotonics/versions/438d5b5b0a6a3808/files/b91ed7780fcba819689e71be46219b96e44f1ccafe4cefdf7b439805c8b914e2 [none]
[debug] [2022-01-09T01:46:45.857Z] >>> [apiv2][body] POST https://upload-firebasehosting.googleapis.com/upload/sites/kilotonics/versions/438d5b5b0a6a3808/files/b91ed7780fcba819689e71be46219b96e44f1ccafe4cefdf7b439805c8b914e2 [stream]
[debug] [2022-01-09T01:46:45.858Z] >>> [apiv2][query] POST https://upload-firebasehosting.googleapis.com/upload/sites/kilotonics/versions/438d5b5b0a6a3808/files/8d922bb6334be4b4f413540ab0ceabd91ec835c9db969f1ec3bd180f468e6ee3 [none]
[debug] [2022-01-09T01:46:45.858Z] >>> [apiv2][body] POST https://upload-firebasehosting.googleapis.com/upload/sites/kilotonics/versions/438d5b5b0a6a3808/files/8d922bb6334be4b4f413540ab0ceabd91ec835c9db969f1ec3bd180f468e6ee3 [stream]
[debug] [2022-01-09T01:46:45.859Z] [hosting][populate queue][FINAL] {"max":2039,"min":2039,"avg":2039,"active":0,"complete":1,"success":1,"errored":0,"retried":0,"total":1,"elapsed":2048}
[debug] [2022-01-09T01:46:45.859Z] [hosting] uploads queued: 5
[debug] [2022-01-09T01:47:20.653Z] [uploadQueue] Retrying task 8d922bb6334be4b4f413540ab0ceabd91ec835c9db969f1ec3bd180f468e6ee3
[debug] [2022-01-09T01:47:20.655Z] >>> [apiv2][query] POST https://upload-firebasehosting.googleapis.com/upload/sites/kilotonics/versions/438d5b5b0a6a3808/files/8d922bb6334be4b4f413540ab0ceabd91ec835c9db969f1ec3bd180f468e6ee3 [none]
[debug] [2022-01-09T01:47:20.655Z] >>> [apiv2][body] POST https://upload-firebasehosting.googleapis.com/upload/sites/kilotonics/versions/438d5b5b0a6a3808/files/8d922bb6334be4b4f413540ab0ceabd91ec835c9db969f1ec3bd180f468e6ee3 [stream]
[debug] [2022-01-09T01:47:31.760Z] [uploadQueue] Retrying task 8d922bb6334be4b4f413540ab0ceabd91ec835c9db969f1ec3bd180f468e6ee3
[debug] [2022-01-09T01:47:31.762Z] >>> [apiv2][query] POST https://upload-firebasehosting.googleapis.com/upload/sites/kilotonics/versions/438d5b5b0a6a3808/files/8d922bb6334be4b4f413540ab0ceabd91ec835c9db969f1ec3bd180f468e6ee3 [none]
[debug] [2022-01-09T01:47:31.762Z] >>> [apiv2][body] POST https://upload-firebasehosting.googleapis.com/upload/sites/kilotonics/versions/438d5b5b0a6a3808/files/8d922bb6334be4b4f413540ab0ceabd91ec835c9db969f1ec3bd180f468e6ee3 [stream]
[debug] [2022-01-09T01:47:37.690Z] [uploadQueue] Retrying task becf8724d9a523278dd8ba2e6890c6a26dcd82b5db2848176126d4032706ed11
[debug] [2022-01-09T01:47:37.692Z] >>> [apiv2][query] POST https://upload-firebasehosting.googleapis.com/upload/sites/kilotonics/versions/438d5b5b0a6a3808/files/becf8724d9a523278dd8ba2e6890c6a26dcd82b5db2848176126d4032706ed11 [none]
[debug] [2022-01-09T01:47:37.692Z] >>> [apiv2][body] POST https://upload-firebasehosting.googleapis.com/upload/sites/kilotonics/versions/438d5b5b0a6a3808/files/becf8724d9a523278dd8ba2e6890c6a26dcd82b5db2848176126d4032706ed11 [stream]
[debug] [2022-01-09T01:47:43.010Z] [uploadQueue] Retrying task b91ed7780fcba819689e71be46219b96e44f1ccafe4cefdf7b439805c8b914e2
[debug] [2022-01-09T01:47:43.011Z] >>> [apiv2][query] POST https://upload-firebasehosting.googleapis.com/upload/sites/kilotonics/versions/438d5b5b0a6a3808/files/b91ed7780fcba819689e71be46219b96e44f1ccafe4cefdf7b439805c8b914e2 [none]
[debug] [2022-01-09T01:47:43.011Z] >>> [apiv2][body] POST https://upload-firebasehosting.googleapis.com/upload/sites/kilotonics/versions/438d5b5b0a6a3808/files/b91ed7780fcba819689e71be46219b96e44f1ccafe4cefdf7b439805c8b914e2 [stream]
[debug] [2022-01-09T01:47:49.157Z] [uploadQueue] Retrying task becf8724d9a523278dd8ba2e6890c6a26dcd82b5db2848176126d4032706ed11
[debug] [2022-01-09T01:47:49.157Z] >>> [apiv2][query] POST https://upload-firebasehosting.googleapis.com/upload/sites/kilotonics/versions/438d5b5b0a6a3808/files/becf8724d9a523278dd8ba2e6890c6a26dcd82b5db2848176126d4032706ed11 [none]
[debug] [2022-01-09T01:47:49.158Z] >>> [apiv2][body] POST https://upload-firebasehosting.googleapis.com/upload/sites/kilotonics/versions/438d5b5b0a6a3808/files/becf8724d9a523278dd8ba2e6890c6a26dcd82b5db2848176126d4032706ed11 [stream]
[debug] [2022-01-09T01:48:07.763Z] [uploadQueue] Retrying task 8d922bb6334be4b4f413540ab0ceabd91ec835c9db969f1ec3bd180f468e6ee3
[debug] [2022-01-09T01:48:07.764Z] >>> [apiv2][query] POST https://upload-firebasehosting.googleapis.com/upload/sites/kilotonics/versions/438d5b5b0a6a3808/files/8d922bb6334be4b4f413540ab0ceabd91ec835c9db969f1ec3bd180f468e6ee3 [none]
[debug] [2022-01-09T01:48:07.764Z] >>> [apiv2][body] POST https://upload-firebasehosting.googleapis.com/upload/sites/kilotonics/versions/438d5b5b0a6a3808/files/8d922bb6334be4b4f413540ab0ceabd91ec835c9db969f1ec3bd180f468e6ee3 [stream]
[debug] [2022-01-09T01:48:21.291Z] [uploadQueue] Retrying task 8d922bb6334be4b4f413540ab0ceabd91ec835c9db969f1ec3bd180f468e6ee3
[debug] [2022-01-09T01:48:21.292Z] >>> [apiv2][query] POST https://upload-firebasehosting.googleapis.com/upload/sites/kilotonics/versions/438d5b5b0a6a3808/files/8d922bb6334be4b4f413540ab0ceabd91ec835c9db969f1ec3bd180f468e6ee3 [none]
[debug] [2022-01-09T01:48:21.292Z] >>> [apiv2][body] POST https://upload-firebasehosting.googleapis.com/upload/sites/kilotonics/versions/438d5b5b0a6a3808/files/8d922bb6334be4b4f413540ab0ceabd91ec835c9db969f1ec3bd180f468e6ee3 [stream]
[debug] [2022-01-09T01:48:28.868Z] [uploadQueue] Retrying task 9906a36f524fa319ed691231602246966fea0407d2b71460b4acfd506d4dd3b9
[debug] [2022-01-09T01:48:28.869Z] >>> [apiv2][query] POST https://upload-firebasehosting.googleapis.com/upload/sites/kilotonics/versions/438d5b5b0a6a3808/files/9906a36f524fa319ed691231602246966fea0407d2b71460b4acfd506d4dd3b9 [none]
[debug] [2022-01-09T01:48:28.869Z] >>> [apiv2][body] POST https://upload-firebasehosting.googleapis.com/upload/sites/kilotonics/versions/438d5b5b0a6a3808/files/9906a36f524fa319ed691231602246966fea0407d2b71460b4acfd506d4dd3b9 [stream]
[debug] [2022-01-09T01:48:38.218Z] [uploadQueue] Retrying task 8d922bb6334be4b4f413540ab0ceabd91ec835c9db969f1ec3bd180f468e6ee3
[debug] [2022-01-09T01:48:38.220Z] >>> [apiv2][query] POST https://upload-firebasehosting.googleapis.com/upload/sites/kilotonics/versions/438d5b5b0a6a3808/files/8d922bb6334be4b4f413540ab0ceabd91ec835c9db969f1ec3bd180f468e6ee3 [none]
[debug] [2022-01-09T01:48:38.220Z] >>> [apiv2][body] POST https://upload-firebasehosting.googleapis.com/upload/sites/kilotonics/versions/438d5b5b0a6a3808/files/8d922bb6334be4b4f413540ab0ceabd91ec835c9db969f1ec3bd180f468e6ee3 [stream]
[debug] [2022-01-09T01:48:40.018Z] [uploadQueue] Retrying task 9906a36f524fa319ed691231602246966fea0407d2b71460b4acfd506d4dd3b9
[debug] [2022-01-09T01:48:40.019Z] >>> [apiv2][query] POST https://upload-firebasehosting.googleapis.com/upload/sites/kilotonics/versions/438d5b5b0a6a3808/files/9906a36f524fa319ed691231602246966fea0407d2b71460b4acfd506d4dd3b9 [none]
[debug] [2022-01-09T01:48:40.019Z] >>> [apiv2][body] POST https://upload-firebasehosting.googleapis.com/upload/sites/kilotonics/versions/438d5b5b0a6a3808/files/9906a36f524fa319ed691231602246966fea0407d2b71460b4acfd506d4dd3b9 [stream]
[debug] [2022-01-09T01:48:40.573Z] [uploadQueue] Retrying task b91ed7780fcba819689e71be46219b96e44f1ccafe4cefdf7b439805c8b914e2
[debug] [2022-01-09T01:48:40.574Z] >>> [apiv2][query] POST https://upload-firebasehosting.googleapis.com/upload/sites/kilotonics/versions/438d5b5b0a6a3808/files/b91ed7780fcba819689e71be46219b96e44f1ccafe4cefdf7b439805c8b914e2 [none]
[debug] [2022-01-09T01:48:40.574Z] >>> [apiv2][body] POST https://upload-firebasehosting.googleapis.com/upload/sites/kilotonics/versions/438d5b5b0a6a3808/files/b91ed7780fcba819689e71be46219b96e44f1ccafe4cefdf7b439805c8b914e2 [stream]
[debug] [2022-01-09T01:48:42.198Z] [uploadQueue] Retrying task becf8724d9a523278dd8ba2e6890c6a26dcd82b5db2848176126d4032706ed11
[debug] [2022-01-09T01:48:42.200Z] >>> [apiv2][query] POST https://upload-firebasehosting.googleapis.com/upload/sites/kilotonics/versions/438d5b5b0a6a3808/files/becf8724d9a523278dd8ba2e6890c6a26dcd82b5db2848176126d4032706ed11 [none]
[debug] [2022-01-09T01:48:42.200Z] >>> [apiv2][body] POST https://upload-firebasehosting.googleapis.com/upload/sites/kilotonics/versions/438d5b5b0a6a3808/files/becf8724d9a523278dd8ba2e6890c6a26dcd82b5db2848176126d4032706ed11 [stream]
[debug] Task 8d922bb6334be4b4f413540ab0ceabd91ec835c9db969f1ec3bd180f468e6ee3 failed: retries exhausted after 6 attempts, with error: Failed to make request to https://upload-firebasehosting.googleapis.com/upload/sites/kilotonics/versions/438d5b5b0a6a3808/files/8d922bb6334be4b4f413540ab0ceabd91ec835c9db969f1ec3bd180f468e6ee3
[debug] [2022-01-09T01:48:49.023Z] [hosting][upload queue][FINAL] {"max":0,"min":9999999999,"avg":0,"active":4,"complete":1,"success":0,"errored":1,"retried":12,"total":5,"elapsed":123177}
[debug] [2022-01-09T01:48:52.200Z] [uploadQueue] Retrying task 9906a36f524fa319ed691231602246966fea0407d2b71460b4acfd506d4dd3b9
[debug] [2022-01-09T01:48:52.201Z] >>> [apiv2][query] POST https://upload-firebasehosting.googleapis.com/upload/sites/kilotonics/versions/438d5b5b0a6a3808/files/9906a36f524fa319ed691231602246966fea0407d2b71460b4acfd506d4dd3b9 [none]
[debug] [2022-01-09T01:48:52.202Z] >>> [apiv2][body] POST https://upload-firebasehosting.googleapis.com/upload/sites/kilotonics/versions/438d5b5b0a6a3808/files/9906a36f524fa319ed691231602246966fea0407d2b71460b4acfd506d4dd3b9 [stream]
[debug] [2022-01-09T01:48:52.478Z] [uploadQueue] Retrying task b91ed7780fcba819689e71be46219b96e44f1ccafe4cefdf7b439805c8b914e2
[debug] [2022-01-09T01:48:52.479Z] >>> [apiv2][query] POST https://upload-firebasehosting.googleapis.com/upload/sites/kilotonics/versions/438d5b5b0a6a3808/files/b91ed7780fcba819689e71be46219b96e44f1ccafe4cefdf7b439805c8b914e2 [none]
[debug] [2022-01-09T01:48:52.479Z] >>> [apiv2][body] POST https://upload-firebasehosting.googleapis.com/upload/sites/kilotonics/versions/438d5b5b0a6a3808/files/b91ed7780fcba819689e71be46219b96e44f1ccafe4cefdf7b439805c8b914e2 [stream]
[debug] [2022-01-09T01:48:52.851Z] <<< [apiv2][status] POST https://upload-firebasehosting.googleapis.com/upload/sites/kilotonics/versions/438d5b5b0a6a3808/files/3185be3a15f1410f8ef4dd9b288d8f45b113d9388ad205b7ccdd78894d7cb336 200
[debug] [2022-01-09T01:48:52.851Z] <<< [apiv2][body] POST https://upload-firebasehosting.googleapis.com/upload/sites/kilotonics/versions/438d5b5b0a6a3808/files/3185be3a15f1410f8ef4dd9b288d8f45b113d9388ad205b7ccdd78894d7cb336 [stream]
[debug] [2022-01-09T01:48:55.757Z] [uploadQueue] Retrying task becf8724d9a523278dd8ba2e6890c6a26dcd82b5db2848176126d4032706ed11
[debug] [2022-01-09T01:48:55.758Z] >>> [apiv2][query] POST https://upload-firebasehosting.googleapis.com/upload/sites/kilotonics/versions/438d5b5b0a6a3808/files/becf8724d9a523278dd8ba2e6890c6a26dcd82b5db2848176126d4032706ed11 [none]
[debug] [2022-01-09T01:48:55.758Z] >>> [apiv2][body] POST https://upload-firebasehosting.googleapis.com/upload/sites/kilotonics/versions/438d5b5b0a6a3808/files/becf8724d9a523278dd8ba2e6890c6a26dcd82b5db2848176126d4032706ed11 [stream]
